<?xml version="1.0" encoding="UTF-8"?>
<robot generator="Robot 7.0 (Python 3.11.3 on win32)" generated="2024-02-13T19:44:24.116480" rpa="false" schemaversion="5">
<suite id="s1" name="Login-Suite" source="E:\QA Sanbercode\belajar-robot-sb53\day-2\suites\login-suite.robot">
<test id="s1-t1" name="Login with Invalid Data" line="6">
<kw name="Open Flight Application" owner="base">
<kw name="Open Application" owner="AppiumLibrary">
<arg>remote_url=${REMOTE_URL}</arg>
<arg>platformName=${PLATFORM_NAME}</arg>
<arg>platformVersion=14.0</arg>
<arg>deviceName=Xiaomi 23021RAA2Y</arg>
<arg>appPackage=com.example.myapplication</arg>
<arg>appActivity=com.example.myapplication.MainActivity</arg>
<doc>Opens a new application to given Appium server.
Capabilities of appium server, Android and iOS,
Please check https://github.com/appium/appium/blob/master/docs/en/writing-running-appium/server-args.md
| *Option*            | *Man.* | *Description*     |
| remote_url          | Yes    | Appium server url |
| alias               | no     | alias             |
| strict_ssl          | No     | allows you to send commands to an invalid certificate host like a self-signed one. |</doc>
<status status="PASS" start="2024-02-13T19:44:27.735332" elapsed="17.989809"/>
</kw>
<status status="PASS" start="2024-02-13T19:44:27.726331" elapsed="17.998810"/>
</kw>
<kw name="Click Sign In Button On Home Page" owner="home-page">
<kw name="Click Element" owner="AppiumLibrary">
<msg time="2024-02-13T19:44:45.734143" level="INFO">Clicking element '//android.widget.Button[@resource-id="com.example.myapplication:id/login"]'.</msg>
<msg time="2024-02-13T19:44:47.511557" level="INFO">xpath criteria: //android.widget.Button[@resource-id="com.example.myapplication:id/login"]</msg>
<arg>locator=${login_btn}</arg>
<doc>Click element identified by `locator`.</doc>
<status status="PASS" start="2024-02-13T19:44:45.729145" elapsed="1.782412"/>
</kw>
<status status="PASS" start="2024-02-13T19:44:45.728141" elapsed="1.784413"/>
</kw>
<kw name="Input Username" owner="login-page">
<kw name="Wait Until Element Is Visible" owner="AppiumLibrary">
<msg time="2024-02-13T19:44:49.423394" level="INFO">xpath criteria: //android.widget.EditText[@resource-id="com.example.myapplication:id/username"]
xpath criteria: //android.widget.EditText[@resource-id="com.example.myapplication:id/username"]</msg>
<arg>locator=${username_input}</arg>
<doc>Waits until element specified with `locator` is visible.</doc>
<status status="PASS" start="2024-02-13T19:44:47.516552" elapsed="1.907840"/>
</kw>
<kw name="Input Text" owner="AppiumLibrary">
<msg time="2024-02-13T19:44:49.429390" level="INFO">Typing text 'TestUser' into text field '//android.widget.EditText[@resource-id="com.example.myapplication:id/username"]'</msg>
<msg time="2024-02-13T19:44:49.611383" level="INFO">xpath criteria: //android.widget.EditText[@resource-id="com.example.myapplication:id/username"]</msg>
<arg>locator=${username_input}</arg>
<arg>text=TestUser</arg>
<doc>Types the given `text` into text field identified by `locator`.</doc>
<status status="PASS" start="2024-02-13T19:44:49.424392" elapsed="0.186991"/>
</kw>
<status status="PASS" start="2024-02-13T19:44:47.515552" elapsed="2.096829"/>
</kw>
<kw name="Input Password" owner="login-page">
<kw name="Input Text" owner="AppiumLibrary">
<msg time="2024-02-13T19:44:49.623374" level="INFO">Typing text 'TestPassword' into text field '//android.widget.EditText[@resource-id="com.example.myapplication:id/password"]'</msg>
<msg time="2024-02-13T19:44:50.268320" level="INFO">xpath criteria: //android.widget.EditText[@resource-id="com.example.myapplication:id/password"]</msg>
<arg>locator=${password_input}</arg>
<arg>text=TestPassword</arg>
<doc>Types the given `text` into text field identified by `locator`.</doc>
<status status="PASS" start="2024-02-13T19:44:49.616374" elapsed="0.652948"/>
</kw>
<status status="PASS" start="2024-02-13T19:44:49.615375" elapsed="0.653947"/>
</kw>
<kw name="Click Sign In Button On Login Page" owner="login-page">
<kw name="Click Element" owner="AppiumLibrary">
<msg time="2024-02-13T19:44:50.279325" level="INFO">Clicking element '//android.widget.Button[@resource-id="com.example.myapplication:id/signIn"]'.</msg>
<msg time="2024-02-13T19:44:50.943372" level="INFO">xpath criteria: //android.widget.Button[@resource-id="com.example.myapplication:id/signIn"]</msg>
<arg>locator=//android.widget.Button[@resource-id="com.example.myapplication:id/signIn"]</arg>
<doc>Click element identified by `locator`.</doc>
<status status="PASS" start="2024-02-13T19:44:50.273322" elapsed="0.671052"/>
</kw>
<status status="PASS" start="2024-02-13T19:44:50.272321" elapsed="0.672053"/>
</kw>
<kw name="Verify User Is Fail To Logged In" owner="login-page">
<kw name="Wait Until Page Contains" owner="AppiumLibrary">
<arg>text=Invalid username/password</arg>
<doc>Waits until `text` appears on current page.</doc>
<status status="PASS" start="2024-02-13T19:44:50.946375" elapsed="0.701773"/>
</kw>
<status status="PASS" start="2024-02-13T19:44:50.945372" elapsed="0.702776"/>
</kw>
<kw name="Close Flight Application" owner="base">
<kw name="Close Application" owner="AppiumLibrary">
<doc>Closes the current application and also close webdriver session.</doc>
<status status="PASS" start="2024-02-13T19:44:51.652147" elapsed="1.032947"/>
</kw>
<status status="PASS" start="2024-02-13T19:44:51.651152" elapsed="1.033942"/>
</kw>
<status status="PASS" start="2024-02-13T19:44:27.680335" elapsed="25.007759"/>
</test>
<status status="PASS" start="2024-02-13T19:44:24.123483" elapsed="28.581609"/>
</suite>
<statistics>
<total>
<stat pass="1" fail="0" skip="0">All Tests</stat>
</total>
<tag>
</tag>
<suite>
<stat pass="1" fail="0" skip="0" id="s1" name="Login-Suite">Login-Suite</stat>
</suite>
</statistics>
<errors>
</errors>
</robot>
